\BOOKMARK [-1][]{ctitle.-1}{\376\377\134\161\116\034\131\047\133\146\147\054\171\321\165\037\133\146\117\115\213\272\145\207\000\040\000\040\000L\000a\000T\000e\000X\000\040\152\041\147\177\144\315\117\134\213\364\146\016\116\146}{}% 1
\BOOKMARK [0][]{cabstract.0}{\376\377\144\130\000\040\000\040\211\201}{ctitle.-1}% 2
\BOOKMARK [0][]{eabstract.0}{\376\377\000A\000B\000S\000T\000R\000A\000C\000T}{ctitle.-1}% 3
\BOOKMARK [0][]{mulu.0}{\376\377\166\356\000\040\000\040\137\125}{ctitle.-1}% 4
\BOOKMARK [0][]{section*.5}{\376\377\0001\000\040\152\041\147\177\116\313\176\315\116\016\154\350\141\017\116\213\230\171}{ctitle.-1}% 5
\BOOKMARK [1][]{section*.6}{\376\377\0001\000.\0001\000\040\152\041\147\177\213\364\146\016}{section*.5}% 6
\BOOKMARK [1][]{section*.7}{\376\377\0001\000.\0002\000\040\176\364\142\244}{section*.5}% 7
\BOOKMARK [1][]{section*.8}{\376\377\0001\000.\0003\000\040\166\356\137\125\121\205\133\271}{section*.5}% 8
\BOOKMARK [1][]{section*.9}{\376\377\0001\000.\0004\000\040\123\302\200\003\145\207\163\056\165\037\142\020\124\214\150\007\154\350\145\271\154\325}{section*.5}% 9
\BOOKMARK [1][]{section*.10}{\376\377\0001\000.\0005\000\040\154\350\141\017\116\213\230\171}{section*.5}% 10
\BOOKMARK [1][]{section*.11}{\376\377\0001\000.\0006\000\040\174\373\176\337\211\201\154\102}{section*.5}% 11
\BOOKMARK [1][]{section*.12}{\376\377\0001\000.\0007\000\040\000W\000h\000y\000\040\000L\000a\000T\000e\000X\000\040\377\037}{section*.5}% 12
\BOOKMARK [2][]{section*.13}{\376\377\0001\000.\0007\000.\0001\000\040\142\021\136\224\213\345\167\013\116\300\116\110\000\040\000L\000a\000T\000e\000X\000\040\213\373\162\151\000\040\377\037}{section*.12}% 13
\BOOKMARK [1][]{section*.14}{\376\377\0001\000.\0008\000\040\121\115\215\043\130\360\146\016}{section*.5}% 14
\BOOKMARK [0][]{section*.15}{\376\377\0002\000\040\126\376\162\107\166\204\143\322\121\145\145\271\154\325}{ctitle.-1}% 15
\BOOKMARK [1][]{section*.16}{\376\377\0002\000.\0001\000\040\134\161\116\034\131\047\133\146\133\371\116\216\143\322\126\376\166\204\211\201\154\102}{section*.15}% 16
\BOOKMARK [1][]{section*.17}{\376\377\0002\000.\0002\000\040\000L\000a\000T\000e\000X\000\040\116\055\143\250\203\120\117\177\165\050\166\204\126\376\162\107\150\074\137\017}{section*.15}% 17
\BOOKMARK [1][]{section*.18}{\376\377\0002\000.\0003\000\040\123\125\137\040\126\376\162\107\166\204\143\322\121\145\145\271\154\325}{section*.15}% 18
\BOOKMARK [1][]{section*.22}{\376\377\0002\000.\0004\000\040\121\167\147\011\133\120\126\376\166\204\126\376\162\107\143\322\121\145\145\271\154\325}{section*.15}% 19
\BOOKMARK [0][]{section*.26}{\376\377\0003\000\040\210\150\150\074\166\204\176\330\122\066\145\271\154\325}{ctitle.-1}% 20
\BOOKMARK [1][]{section*.27}{\376\377\0003\000.\0001\000\040\147\054\171\321\165\037\153\325\116\032\213\272\145\207\166\204\176\330\210\150\211\304\203\003}{section*.26}% 21
\BOOKMARK [1][]{section*.28}{\376\377\0003\000.\0002\000\040\146\156\220\032\210\150\150\074\166\204\176\330\122\066\145\271\154\325}{section*.26}% 22
\BOOKMARK [1][]{section*.30}{\376\377\0003\000.\0003\000\040\225\177\210\150\150\074\166\204\176\330\122\066\145\271\154\325}{section*.26}% 23
\BOOKMARK [1][]{section*.32}{\376\377\0003\000.\0004\000\040\122\027\133\275\123\357\214\003\210\150\150\074\166\204\176\330\122\066\145\271\154\325}{section*.26}% 24
\BOOKMARK [2][]{section*.33}{\376\377\0003\000.\0004\000.\0001\000\040\210\150\150\074\121\205\147\320\123\125\121\103\150\074\121\205\133\271\217\307\225\177\166\204\140\305\121\265}{section*.32}% 25
\BOOKMARK [2][]{section*.35}{\376\377\0003\000.\0004\000.\0002\000\040\133\371\162\151\164\006\221\317\173\046\123\367\217\333\210\114\154\350\221\312\166\204\140\305\121\265}{section*.32}% 26
\BOOKMARK [0][]{section*.36}{\376\377\0004\000\040\145\160\133\146\121\154\137\017\166\204\217\223\121\145\145\271\154\325}{ctitle.-1}% 27
\BOOKMARK [1][]{section*.37}{\376\377\0004\000.\0001\000\040\147\054\171\321\165\037\153\325\116\032\213\272\145\207\166\204\121\154\137\017\211\304\203\003}{section*.36}% 28
\BOOKMARK [1][]{section*.38}{\376\377\0004\000.\0002\000\040\165\037\142\020\000\040\000L\000a\000T\000e\000X\000\040\145\160\133\146\121\154\137\017\166\204\116\044\171\315\145\271\154\325}{section*.36}% 29
\BOOKMARK [2][]{section*.39}{\376\377\0004\000.\0002\000.\0001\000\040\127\372\116\216\000\040\000M\000a\000t\000h\000T\000y\000p\000e\000\040\217\157\116\366\166\204\145\160\133\146\121\154\137\017\165\037\142\020\145\271\154\325}{section*.38}% 30
\BOOKMARK [2][]{section*.40}{\376\377\0004\000.\0002\000.\0002\000\040\127\372\116\216\000\040\000M\000A\000T\000L\000A\000B\000\040\217\157\116\366\166\204\145\160\133\146\121\154\137\017\165\037\142\020\145\271\154\325}{section*.38}% 31
\BOOKMARK [1][]{section*.41}{\376\377\0004\000.\0003\000\040\145\160\133\146\133\127\117\123}{section*.36}% 32
\BOOKMARK [1][]{section*.43}{\376\377\0004\000.\0004\000\040\210\114\121\205\121\154\137\017}{section*.36}% 33
\BOOKMARK [1][]{section*.48}{\376\377\0004\000.\0005\000\040\210\114\225\364\121\154\137\017}{section*.36}% 34
\BOOKMARK [1][]{section*.50}{\376\377\0004\000.\0006\000\040\123\357\201\352\122\250\214\003\145\164\131\047\134\017\166\204\133\232\165\114\173\046}{section*.36}% 35
\BOOKMARK [1][]{section*.51}{\376\377\0004\000.\0007\000\040\145\160\133\146\221\315\227\363\173\046\123\367}{section*.36}% 36
\BOOKMARK [0][]{section*.52}{\376\377\0005\000\040\177\127\122\027\060\001\133\232\164\006\124\214\116\343\170\001\163\257\130\203\117\177\165\050\145\271\154\325}{ctitle.-1}% 37
\BOOKMARK [1][]{section*.53}{\376\377\0005\000.\0001\000\040\123\125\134\102\177\127\122\027\163\257\130\203}{section*.52}% 38
\BOOKMARK [1][]{section*.55}{\376\377\0005\000.\0002\000\040\133\232\164\006\163\257\130\203}{section*.52}% 39
\BOOKMARK [1][]{section*.59}{\376\377\0005\000.\0003\000\040\116\343\170\001\163\257\130\203}{section*.52}% 40
\BOOKMARK [1][]{section*.60}{\376\377\0005\000.\0004\000\040\173\227\154\325\163\257\130\203}{section*.52}% 41
\BOOKMARK [0][]{section*.62}{\376\377\176\323\000\040\213\272}{ctitle.-1}% 42
\BOOKMARK [0][]{section*.66}{\376\377\123\302\200\003\145\207\163\056}{ctitle.-1}% 43
\BOOKMARK [0][]{section*.68}{\376\377\131\026\145\207\215\104\145\231}{ctitle.-1}% 44
\BOOKMARK [0][]{section*.70}{\376\377\116\055\145\207\213\321\145\207}{ctitle.-1}% 45
